================================================================================
                    WORLD WEAVER TEST ANALYSIS SUMMARY
================================================================================

TEST SUITE STATUS
─────────────────────────────────────────────────────────────────────────────
Total Tests:        1,237
  ✓ Passing:       1,121 (90.6%)
  ✗ Failing:         114 (9.2%)
  ⊘ Skipped:           2 (0.2%)

Current Coverage:    76%


FAILURE BREAKDOWN BY ROOT CAUSE
─────────────────────────────────────────────────────────────────────────────
1. PASSWORD/CONFIG ISSUES               38 tests (33%)  [CRITICAL - 30 sec fix]
   └─ Weak password in .env blocks Settings initialization
   └─ Fix: WW_NEO4J_PASSWORD=wwpassword → Ww@Secure123

2. NEO4J DATABASE CONNECTIVITY          40 tests (35%)  [HIGH - 5 min fix]
   └─ Tests trying to connect to real (offline) database
   └─ Fix: Use auto-patching fixture for mocks

3. TEST CODE ISSUES                     36 tests (32%)  [MEDIUM - 1-2 hours]
   ├─ Function signature mismatches     12 tests
   ├─ Response format assertions        14 tests
   ├─ Mock/assertion mismatches          8 tests
   └─ Missing imports, UUID errors       2 tests

ALGORITHM/LOGIC ISSUES                   8 tests (7%)   [MEDIUM - 1-2 hours]
   └─ FSRS decay and Hebbian convergence need tuning

SECURITY VALIDATION MISSING              5 tests (4%)   [HIGH - 1 hour]
   └─ XSS sanitization, null byte blocking, rate limiting


QUICK FIX IMPACT ANALYSIS
─────────────────────────────────────────────────────────────────────────────

FIX 1: Update .env password (30 seconds)
  Before: WW_NEO4J_PASSWORD=wwpassword
  After:  WW_NEO4J_PASSWORD=Ww@Secure123
  Impact: +38 tests pass immediately
  Status: ████████░ 90% trivial

FIX 2: Add auto-patch fixture (5 minutes)
  Add to tests/conftest.py:
    @pytest.fixture(autouse=True)
    def auto_patch_storage(...):
        with patch(...):
            yield
  Impact: +40 tests (database not required)
  Status: ████████░ 90% trivial

FIX 3: Update create_test_episode() (15 minutes)
  Add timestamp parameter to helper function
  Impact: +12 tests (function signature match)
  Status: ███████░░ 70% straightforward

FIX 4: Fix response assertions (30 minutes)
  Replace 'created' with 'count' in assertions
  Replace 'session_id' with actual field names
  Impact: +14 tests
  Status: ██████░░░ 60% mechanical

FIX 5: Fix imports & unpacking (10 minutes)
  Add UUID import in test_benchmarks.py
  Fix tuple unpacking in test_consolidation.py
  Impact: +3 tests
  Status: ████████░ 85% straightforward


ESTIMATED TIMELINE TO SUCCESS
─────────────────────────────────────────────────────────────────────────────

TIME     ACTION                              IMPACT        CUMULATIVE
─────────────────────────────────────────────────────────────────────────────
30 sec   Fix .env password                   +38 tests    1,159 passed
  5 min  Add auto-patch fixture              +40 tests    1,199 passed
 15 min  Update create_test_episode()        +12 tests    1,211 passed
 10 min  Fix response assertions             +14 tests    1,225 passed
 10 min  Fix imports & unpacking             + 3 tests    1,228 passed
─────────────────────────────────────────────────────────────────────────────
 1 HOUR  TOTAL QUICK FIXES                  +107 tests   1,228 passed (99%+)


REMAINING WORK (Optional, for 100% Coverage)
─────────────────────────────────────────────────────────────────────────────
 1 hour  Algorithm tuning (FSRS, Hebbian)    +4 tests     1,232 passed
 1 hour  Security validation (XSS, etc)      +5 tests     1,237 passed
─────────────────────────────────────────────────────────────────────────────
 2 HOURS OPTIONAL POLISH                     +9 tests     ALL PASS (100%)


FAILURE CATEGORIES WITH EXAMPLES
─────────────────────────────────────────────────────────────────────────────

CATEGORY 1: PASSWORD VALIDATION (38 tests)
  Error:  pydantic_core._pydantic_core.ValidationError
          Value error, neo4j_password needs more complexity
  Tests:  test_consolidation.py, test_episodic.py, test_procedural.py
  Fix:    Change .env password to strong value

CATEGORY 2: NEO4J RATE LIMIT (40 tests)
  Error:  neo4j.exceptions.ClientError
          Neo.ClientError.Security.AuthenticationRateLimit
  Tests:  test_batch_operations.py, test_cross_memory_search.py
  Fix:    Auto-mock database with fixture

CATEGORY 3: SIGNATURE MISMATCH (12 tests)
  Error:  TypeError: create_test_episode() got unexpected argument 'timestamp'
  Tests:  test_consolidation.py (5), test_episodic.py (4)
  Fix:    Add timestamp parameter to helper

CATEGORY 4: RESPONSE FORMAT (14 tests)
  Error:  KeyError: 'count' or KeyError: 'session_id'
  Tests:  test_batch_operations.py (7), test_mcp_gateway.py (6)
  Fix:    Update assertion field names

CATEGORY 5: MOCK ISSUES (8 tests)
  Error:  AssertionError, AttributeError on mock methods
  Tests:  test_consolidation.py (4), test_observability.py (3)
  Fix:    Update mock return values in conftest

CATEGORY 6: ALGORITHM (4 tests)
  Error:  AssertionError: 0.813... > 0.9 (convergence)
  Tests:  test_algorithms_property.py, test_episodic.py
  Fix:    Tune FSRS/Hebbian parameters

CATEGORY 7: SECURITY (5 tests)
  Error:  AssertionError: '<script>' in content (not sanitized)
  Tests:  test_injection.py (5)
  Fix:    Implement XSS sanitization


KEY INSIGHTS
─────────────────────────────────────────────────────────────────────────────

✓ TEST SUITE HEALTH:     Excellent (90.6% pass rate)
✓ MAIN BLOCKERS:         Configuration + Environment
✓ QUICK WIN POTENTIAL:   107 tests fixable in 1 hour
✓ TIME TO 95%+ PASS:     30 minutes (password + fixture)
✓ TIME TO 99%+ PASS:     1-2 hours (+ code fixes)
✓ TIME TO 100% PASS:     3-4 hours (+ optional polish)

CRITICAL ISSUE:
  The .env password (wwpassword) violates new validation rules.
  This single issue cascades and blocks ~38 tests from running.
  FIX: Change to Ww@Secure123 (30 seconds)


FILES TO MODIFY (PRIORITY ORDER)
─────────────────────────────────────────────────────────────────────────────
1. /home/aaron/ww/.env
   └─ Line 7: WW_NEO4J_PASSWORD=Ww@Secure123 [30 sec]

2. /home/aaron/ww/tests/conftest.py
   └─ Add auto_patch_storage fixture [5 min]

3. /home/aaron/ww/tests/unit/test_consolidation.py
   └─ Update create_test_episode() signature [15 min]

4. /home/aaron/ww/tests/mcp/test_batch_operations.py
   └─ Fix response assertions 'created' → 'count' [10 min]

5. /home/aaron/ww/tests/unit/test_mcp_gateway.py
   └─ Fix response format assertions [10 min]

6. /home/aaron/ww/tests/performance/test_benchmarks.py
   └─ Add UUID import [5 min]


NEXT STEPS
─────────────────────────────────────────────────────────────────────────────

IMMEDIATE (Do First):
  1. Read: /home/aaron/ww/TEST_FIX_QUICK_START.md
  2. Fix: .env password (30 sec)
  3. Add: conftest auto-patch fixture (5 min)
  4. Test: pytest tests/core/test_config_security.py -v

QUICK WIN SESSION (Next):
  5. Update: create_test_episode() function (15 min)
  6. Fix: response assertions (30 min)
  7. Fix: imports and unpacking (10 min)
  8. Test: pytest tests/ --tb=no -q

POLISH SESSION (Optional):
  9. Algorithm tuning (1 hour)
  10. Security validation (1 hour)
  11. Target: 100% pass rate


DOCUMENTATION GENERATED
─────────────────────────────────────────────────────────────────────────────
✓ /home/aaron/ww/TEST_FAILURE_ANALYSIS.md        [Comprehensive analysis]
✓ /home/aaron/ww/TEST_FIX_QUICK_START.md         [Step-by-step guide]
✓ /home/aaron/ww/TEST_FAILURES_CSV.csv           [Data summary]
✓ /home/aaron/ww/TEST_SUMMARY_VISUAL.txt         [This file]


================================================================================
                        END OF VISUAL SUMMARY
================================================================================
